生成启动时间为 2017/3/3 0:35:29。
     1>项目“D:\C++公用文件夹\My Projects\Bridge\碗扣式满堂支架建模助手.vcxproj”在节点 2 上(build 个目标)。
     1>InitializeBuildStatus:
         正在创建“.\Debug\碗扣式满堂支架建模助手.unsuccessfulbuild”，因为已指定“AlwaysCreate”。
       ClCompile:
         所有输出均为最新。
         所有输出均为最新。
       ResourceCompile:
         所有输出均为最新。
       ManifestResourceCompile:
         所有输出均为最新。
       Link:
         所有输出均为最新。
       Manifest:
         所有输出均为最新。
         所有输出均为最新。
       FinalizeBuildStatus:
         正在删除文件“.\Debug\碗扣式满堂支架建模助手.unsuccessfulbuild”。
         正在对“.\Debug\碗扣式满堂支架建模助手.lastbuildstate”执行 Touch 任务。
     1>已完成生成项目“D:\C++公用文件夹\My Projects\Bridge\碗扣式满堂支架建模助手.vcxproj”(build 个目标)的操作。

生成成功。

已用时间 00:00:00.09
