.\Release\碗扣式满堂支架建模助手.bsc
D:\C++公用文件夹\My Projects\Bridge\.\Release\碗扣式满堂支架建模助手.exe
D:\C++公用文件夹\My Projects\Bridge\.\Release\碗扣式满堂支架建模助手.exe.intermediate.manifest
D:\C++公用文件夹\My Projects\Bridge\Release\BscMake.command.1.tlog
D:\C++公用文件夹\My Projects\Bridge\Release\bscmake.read.1.tlog
D:\C++公用文件夹\My Projects\Bridge\Release\bscmake.write.1.tlog
D:\C++公用文件夹\My Projects\Bridge\Release\cl.command.1.tlog
D:\C++公用文件夹\My Projects\Bridge\Release\CL.read.1.tlog
D:\C++公用文件夹\My Projects\Bridge\Release\CL.write.1.tlog
D:\C++公用文件夹\MY PROJECTS\BRIDGE\RELEASE\DANYUAN.OBJ
D:\C++公用文件夹\MY PROJECTS\BRIDGE\RELEASE\DANYUAN.SBR
D:\C++公用文件夹\MY PROJECTS\BRIDGE\RELEASE\ELEMENT.OBJ
D:\C++公用文件夹\MY PROJECTS\BRIDGE\RELEASE\ELEMENT.SBR
D:\C++公用文件夹\MY PROJECTS\BRIDGE\RELEASE\EXCEL.OBJ
D:\C++公用文件夹\MY PROJECTS\BRIDGE\RELEASE\EXCEL.SBR
D:\C++公用文件夹\MY PROJECTS\BRIDGE\RELEASE\FLINE.OBJ
D:\C++公用文件夹\MY PROJECTS\BRIDGE\RELEASE\FLINE.SBR
D:\C++公用文件夹\My Projects\Bridge\Release\link.command.1.tlog
D:\C++公用文件夹\My Projects\Bridge\Release\link.read.1.tlog
D:\C++公用文件夹\My Projects\Bridge\Release\link.write.1.tlog
D:\C++公用文件夹\My Projects\Bridge\Release\link-cvtres.read.1.tlog
D:\C++公用文件夹\My Projects\Bridge\Release\link-cvtres.write.1.tlog
D:\C++公用文件夹\MY PROJECTS\BRIDGE\RELEASE\MSWORD.OBJ
D:\C++公用文件夹\MY PROJECTS\BRIDGE\RELEASE\MSWORD.SBR
D:\C++公用文件夹\My Projects\Bridge\Release\mt.command.1.tlog
D:\C++公用文件夹\My Projects\Bridge\Release\mt.read.1.tlog
D:\C++公用文件夹\My Projects\Bridge\Release\mt.write.1.tlog
D:\C++公用文件夹\MY PROJECTS\BRIDGE\RELEASE\NODE.OBJ
D:\C++公用文件夹\MY PROJECTS\BRIDGE\RELEASE\NODE.SBR
D:\C++公用文件夹\MY PROJECTS\BRIDGE\RELEASE\PAIJU.OBJ
D:\C++公用文件夹\MY PROJECTS\BRIDGE\RELEASE\PAIJU.SBR
D:\C++公用文件夹\My Projects\Bridge\Release\rc.command.1.tlog
D:\C++公用文件夹\My Projects\Bridge\Release\rc.read.1.tlog
D:\C++公用文件夹\My Projects\Bridge\Release\rc.write.1.tlog
D:\C++公用文件夹\MY PROJECTS\BRIDGE\RELEASE\SECTION.OBJ
D:\C++公用文件夹\MY PROJECTS\BRIDGE\RELEASE\SECTION.SBR
D:\C++公用文件夹\MY PROJECTS\BRIDGE\RELEASE\SET.OBJ
D:\C++公用文件夹\MY PROJECTS\BRIDGE\RELEASE\SET.SBR
D:\C++公用文件夹\MY PROJECTS\BRIDGE\RELEASE\STDAFX.OBJ
D:\C++公用文件夹\MY PROJECTS\BRIDGE\RELEASE\STDAFX.SBR
D:\C++公用文件夹\MY PROJECTS\BRIDGE\RELEASE\UITHREAD.OBJ
D:\C++公用文件夹\MY PROJECTS\BRIDGE\RELEASE\UITHREAD.SBR
D:\C++公用文件夹\MY PROJECTS\BRIDGE\RELEASE\VC100.PDB
D:\C++公用文件夹\My Projects\Bridge\Release\vc60.idb
D:\C++公用文件夹\MY PROJECTS\BRIDGE\RELEASE\WORDOFFICE.OBJ
D:\C++公用文件夹\MY PROJECTS\BRIDGE\RELEASE\WORDOFFICE.SBR
D:\C++公用文件夹\MY PROJECTS\BRIDGE\RELEASE\XSKINBUTTON.OBJ
D:\C++公用文件夹\MY PROJECTS\BRIDGE\RELEASE\XSKINBUTTON.SBR
D:\C++公用文件夹\MY PROJECTS\BRIDGE\RELEASE\碗扣式满堂支架建模助手.BSC
D:\C++公用文件夹\MY PROJECTS\BRIDGE\RELEASE\碗扣式满堂支架建模助手.EXE
D:\C++公用文件夹\MY PROJECTS\BRIDGE\RELEASE\碗扣式满堂支架建模助手.EXE.INTERMEDIATE.MANIFEST
D:\C++公用文件夹\MY PROJECTS\BRIDGE\RELEASE\碗扣式满堂支架建模助手.OBJ
D:\C++公用文件夹\MY PROJECTS\BRIDGE\RELEASE\碗扣式满堂支架建模助手.PCH
D:\C++公用文件夹\MY PROJECTS\BRIDGE\RELEASE\碗扣式满堂支架建模助手.RES
D:\C++公用文件夹\MY PROJECTS\BRIDGE\RELEASE\碗扣式满堂支架建模助手.SBR
D:\C++公用文件夹\My Projects\Bridge\Release\碗扣式满堂支架建模助手.vcxprojResolveAssemblyReference.cache
D:\C++公用文件夹\My Projects\Bridge\Release\碗扣式满堂支架建模助手.write.1.tlog
D:\C++公用文件夹\MY PROJECTS\BRIDGE\RELEASE\碗扣式满堂支架建模助手DLG.OBJ
D:\C++公用文件夹\MY PROJECTS\BRIDGE\RELEASE\碗扣式满堂支架建模助手DLG.SBR
